D:\ИДБ-15-10\Мазур\GRAFIKA_LAB1-MASTER\OPENGLREMEMBERPROJ\DEBUG\OPENGLREMEMBERPROJ.OBJ
D:\ИДБ-15-10\Мазур\GRAFIKA_LAB1-MASTER\OPENGLREMEMBERPROJ\DEBUG\RENDER.OBJ
D:\ИДБ-15-10\МАЗУР\GRAFIKA_LAB1-MASTER\OPENGLREMEMBERPROJ\DEBUG\VC110.PDB
D:\ИДБ-15-10\Мазур\GRAFIKA_LAB1-MASTER\DEBUG\OPENGLREMEMBERPROJ.ILK
D:\ИДБ-15-10\Мазур\GRAFIKA_LAB1-MASTER\DEBUG\OPENGLREMEMBERPROJ.EXE
D:\ИДБ-15-10\МАЗУР\GRAFIKA_LAB1-MASTER\DEBUG\OPENGLREMEMBERPROJ.PDB
D:\ИДБ-15-10\Мазур\GRAFIKA_LAB1-MASTER\OPENGLREMEMBERPROJ\DEBUG\OPENGLREMEMBERPROJ.RES
D:\ИДБ-15-10\Мазур\grafika_lab1-master\OpenGLrememberProj\Debug\OpenGLrememberProj.obj
D:\ИДБ-15-10\Мазур\grafika_lab1-master\OpenGLrememberProj\Debug\Render.obj
D:\ИДБ-15-10\Мазур\grafika_lab1-master\OpenGLrememberProj\Debug\cl.command.1.tlog
D:\ИДБ-15-10\Мазур\grafika_lab1-master\OpenGLrememberProj\Debug\CL.read.1.tlog
D:\ИДБ-15-10\Мазур\grafika_lab1-master\OpenGLrememberProj\Debug\CL.write.1.tlog
D:\ИДБ-15-10\Мазур\grafika_lab1-master\OpenGLrememberProj\Debug\link-cvtres.read.1.tlog
D:\ИДБ-15-10\Мазур\grafika_lab1-master\OpenGLrememberProj\Debug\link-cvtres.write.1.tlog
D:\ИДБ-15-10\Мазур\grafika_lab1-master\OpenGLrememberProj\Debug\link-rc.read.1.tlog
D:\ИДБ-15-10\Мазур\grafika_lab1-master\OpenGLrememberProj\Debug\link-rc.write.1.tlog
D:\ИДБ-15-10\Мазур\grafika_lab1-master\OpenGLrememberProj\Debug\link.command.1.tlog
D:\ИДБ-15-10\Мазур\grafika_lab1-master\OpenGLrememberProj\Debug\link.read.1.tlog
D:\ИДБ-15-10\Мазур\grafika_lab1-master\OpenGLrememberProj\Debug\link.write.1.tlog
D:\ИДБ-15-10\Мазур\grafika_lab1-master\OpenGLrememberProj\Debug\rc.command.1.tlog
D:\ИДБ-15-10\Мазур\grafika_lab1-master\OpenGLrememberProj\Debug\rc.read.1.tlog
D:\ИДБ-15-10\Мазур\grafika_lab1-master\OpenGLrememberProj\Debug\rc.write.1.tlog
D:\ИДБ-15-10\Мазур\grafika_lab1-master\OpenGLrememberProj\Debug\OpenGLrememberProj.res
D:\ИДБ-15-10\Мазур\grafika_lab1-master\OpenGLrememberProj\Debug\vc110.idb
D:\ИДБ-15-10\Мазур\grafika_lab1-master\OpenGLrememberProj\Debug\vc110.pdb
D:\ИДБ-15-10\Мазур\grafika_lab1-master\Debug\OpenGLrememberProj.pdb
D:\ИДБ-15-10\Мазур\grafika_lab1-master\Debug\OpenGLrememberProj.exe
D:\ИДБ-15-10\Мазур\grafika_lab1-master\Debug\OpenGLrememberProj.ilk
